[2026-07-02T11:33:48.388Z] GET http://localhost:8899/purrhaps/ → 200 (9ms, 13136B)
[2026-07-02T11:33:48.407Z] GET https://fonts.googleapis.com/css2?family=Fraunces:ital,opsz,wght@0,9..144,400;0,9..144,500;1,9..144,400;1,9..144,500&family=Noto+Serif+KR:wght@400;500;600&display=swap → 200 (199ms, ?B)
[2026-07-02T11:33:48.407Z] GET https://cdn.jsdelivr.net/gh/orioncactus/pretendard@v1.3.9/dist/web/variable/pretendardvariable.min.css → 200 (93ms, 588B)
[2026-07-02T11:33:48.407Z] GET http://localhost:8899/assets/css/base.css?v=20260512 → 200 (10ms, 7850B)
[2026-07-02T11:33:48.407Z] GET http://localhost:8899/assets/logo/logo.png → 200 (11ms, 8702B)
[2026-07-02T11:33:48.407Z] GET http://localhost:8899/assets/logo/dailymango-nav.png → 200 (8ms, 22113B)
[2026-07-02T11:33:48.407Z] GET http://localhost:8899/assets/images/purrhaps/banner-ko.png → 200 (11ms, 1210851B)
[2026-07-02T11:33:48.407Z] GET http://localhost:8899/assets/images/purrhaps/home.png → 200 (10ms, 691858B)
[2026-07-02T11:33:48.407Z] GET http://localhost:8899/assets/images/purrhaps/fortune.png → 200 (10ms, 379730B)
[2026-07-02T11:33:48.407Z] GET http://localhost:8899/assets/images/purrhaps/love.png → 200 (11ms, 390345B)
[2026-07-02T11:33:48.407Z] GET http://localhost:8899/assets/logo/logo_yellow.png → 200 (11ms, 4073B)
[2026-07-02T11:33:48.787Z] GET https://cdn.jsdelivr.net/gh/orioncactus/pretendard@v1.3.9/packages/pretendard/dist/web/variable/woff2/PretendardVariable.woff2 → 200 (298ms, 2057688B)
[2026-07-02T11:33:48.787Z] GET https://fonts.gstatic.com/s/fraunces/v38/6NU78FyLNQOQZAnv9bYEvDiIdE9Ea92uemAk_WBq8U_9v0c2Wa0KxC9TeP2Xz5c.woff2 → 200 (393ms, 67388B)
[2026-07-02T11:33:48.787Z] GET https://fonts.gstatic.com/s/fraunces/v38/6NU58FyLNQOQZAnv9ZwNjucMHVn85Ni7emAe9lKqZTnbB-gzTK0K1ChjeveQ7ZXk8g.woff2 → 200 (275ms, 81704B)
[2026-07-02T11:33:48.787Z] GET https://fonts.gstatic.com/s/notoserifkr/v31/3Jn7SDn90Gmq2mr3blnHaTZXduVp0uNzcmdRk6NBSYsXpcC_HIoOgGv0PTY.118.woff2 → 200 (378ms, 31096B)
[2026-07-02T11:33:48.787Z] GET https://fonts.gstatic.com/s/notoserifkr/v31/3Jn7SDn90Gmq2mr3blnHaTZXduVp0uNzcmdRk6NBSYsXpcC_HIoOgGv0PTY.117.woff2 → 200 (326ms, 36412B)
[2026-07-02T11:33:48.787Z] GET https://fonts.gstatic.com/s/notoserifkr/v31/3Jn7SDn90Gmq2mr3blnHaTZXduVp0uNzcmdRk6NBSYsXpcC_HIoOgGv0PTY.119.woff2 → 200 (343ms, 23952B)
[2026-07-02T11:33:48.787Z] GET https://fonts.gstatic.com/s/notoserifkr/v31/3Jn7SDn90Gmq2mr3blnHaTZXRudj1cFxOHU.woff2 → 200 (360ms, 34732B)
[2026-07-02T11:33:48.788Z] GET https://fonts.gstatic.com/s/notoserifkr/v31/3Jn7SDn90Gmq2mr3blnHaTZXduVp0uNzcmdRk6NBSYsXpcC_HIoOgGv0PTY.113.woff2 → 200 (335ms, 41572B)
[2026-07-02T11:33:48.788Z] GET https://fonts.gstatic.com/s/notoserifkr/v31/3Jn7SDn90Gmq2mr3blnHaTZXduVp0uNzcmdRk6NBSYsXpcC_HIoOgGv0PTY.116.woff2 → 200 (297ms, 39008B)
[2026-07-02T11:33:48.788Z] GET https://fonts.gstatic.com/s/notoserifkr/v31/3Jn7SDn90Gmq2mr3blnHaTZXduVp0uNzcmdRk6NBSYsXpcC_HIoOgGv0PTY.114.woff2 → 200 (317ms, 40148B)
[2026-07-02T11:33:48.788Z] GET https://fonts.gstatic.com/s/notoserifkr/v31/3Jn7SDn90Gmq2mr3blnHaTZXduVp0uNzcmdRk6NBSYsXpcC_HIoOgGv0PTY.115.woff2 → 200 (363ms, 38656B)
[2026-07-02T11:33:48.788Z] GET https://fonts.gstatic.com/s/notoserifkr/v31/3Jn7SDn90Gmq2mr3blnHaTZXduVp0uNzcmdRk6NBSYsXpcC_HIoOgGv0PTY.109.woff2 → 200 (384ms, 41484B)
[2026-07-02T11:33:48.788Z] GET https://fonts.gstatic.com/s/notoserifkr/v31/3Jn7SDn90Gmq2mr3blnHaTZXduVp0uNzcmdRk6NBSYsXpcC_HIoOgGv0PTY.111.woff2 → 200 (385ms, 42476B)
[2026-07-02T11:34:05.648Z] GET http://localhost:8899/purrhaps/ → 200 (20ms, ?B)
[2026-07-02T11:34:05.721Z] GET https://fonts.googleapis.com/css2?family=Fraunces:ital,opsz,wght@0,9..144,400;0,9..144,500;1,9..144,400;1,9..144,500&family=Noto+Serif+KR:wght@400;500;600&display=swap → 200 (?ms, 292025B)
[2026-07-02T11:34:05.722Z] GET https://cdn.jsdelivr.net/gh/orioncactus/pretendard@v1.3.9/dist/web/variable/pretendardvariable.min.css → 200 (1ms, 588B)
[2026-07-02T11:34:05.723Z] GET http://localhost:8899/assets/css/base.css?v=20260512 → 200 (?ms, 7850B)
[2026-07-02T11:34:05.725Z] GET http://localhost:8899/assets/logo/logo.png → 200 (?ms, 8702B)
[2026-07-02T11:34:05.725Z] GET http://localhost:8899/assets/logo/dailymango-nav.png → 200 (?ms, 22113B)
[2026-07-02T11:34:05.725Z] GET http://localhost:8899/assets/images/purrhaps/banner-ko.png → 200 (?ms, 1210851B)
[2026-07-02T11:34:05.726Z] GET http://localhost:8899/assets/images/purrhaps/home.png → 200 (?ms, ?B)
[2026-07-02T11:34:05.726Z] GET http://localhost:8899/assets/images/purrhaps/fortune.png → 200 (?ms, ?B)
[2026-07-02T11:34:05.726Z] GET http://localhost:8899/assets/images/purrhaps/love.png → 200 (1ms, ?B)
[2026-07-02T11:34:05.727Z] GET http://localhost:8899/assets/logo/logo_yellow.png → 200 (?ms, ?B)
[2026-07-02T11:34:05.765Z] GET https://fonts.gstatic.com/s/fraunces/v38/6NU58FyLNQOQZAnv9ZwNjucMHVn85Ni7emAe9lKqZTnbB-gzTK0K1ChjeveQ7ZXk8g.woff2 → 200 (?ms, ?B)
[2026-07-02T11:34:05.765Z] GET https://fonts.gstatic.com/s/fraunces/v38/6NU78FyLNQOQZAnv9bYEvDiIdE9Ea92uemAk_WBq8U_9v0c2Wa0KxC9TeP2Xz5c.woff2 → 200 (1ms, ?B)
[2026-07-02T11:34:05.768Z] GET https://fonts.gstatic.com/s/notoserifkr/v31/3Jn7SDn90Gmq2mr3blnHaTZXduVp0uNzcmdRk6NBSYsXpcC_HIoOgGv0PTY.109.woff2 → 200 (?ms, ?B)
[2026-07-02T11:34:05.768Z] GET https://fonts.gstatic.com/s/notoserifkr/v31/3Jn7SDn90Gmq2mr3blnHaTZXduVp0uNzcmdRk6NBSYsXpcC_HIoOgGv0PTY.111.woff2 → 200 (?ms, ?B)
[2026-07-02T11:34:05.769Z] GET https://fonts.gstatic.com/s/notoserifkr/v31/3Jn7SDn90Gmq2mr3blnHaTZXduVp0uNzcmdRk6NBSYsXpcC_HIoOgGv0PTY.113.woff2 → 200 (?ms, ?B)
[2026-07-02T11:34:05.769Z] GET https://fonts.gstatic.com/s/notoserifkr/v31/3Jn7SDn90Gmq2mr3blnHaTZXduVp0uNzcmdRk6NBSYsXpcC_HIoOgGv0PTY.114.woff2 → 200 (?ms, ?B)
[2026-07-02T11:34:05.770Z] GET https://fonts.gstatic.com/s/notoserifkr/v31/3Jn7SDn90Gmq2mr3blnHaTZXduVp0uNzcmdRk6NBSYsXpcC_HIoOgGv0PTY.115.woff2 → 200 (?ms, ?B)
[2026-07-02T11:34:05.770Z] GET https://fonts.gstatic.com/s/notoserifkr/v31/3Jn7SDn90Gmq2mr3blnHaTZXduVp0uNzcmdRk6NBSYsXpcC_HIoOgGv0PTY.116.woff2 → 200 (?ms, ?B)
[2026-07-02T11:34:05.772Z] GET https://fonts.gstatic.com/s/notoserifkr/v31/3Jn7SDn90Gmq2mr3blnHaTZXduVp0uNzcmdRk6NBSYsXpcC_HIoOgGv0PTY.117.woff2 → 200 (?ms, ?B)
[2026-07-02T11:34:05.772Z] GET https://fonts.gstatic.com/s/notoserifkr/v31/3Jn7SDn90Gmq2mr3blnHaTZXduVp0uNzcmdRk6NBSYsXpcC_HIoOgGv0PTY.118.woff2 → 200 (?ms, ?B)
[2026-07-02T11:34:05.773Z] GET https://fonts.gstatic.com/s/notoserifkr/v31/3Jn7SDn90Gmq2mr3blnHaTZXduVp0uNzcmdRk6NBSYsXpcC_HIoOgGv0PTY.119.woff2 → 200 (?ms, ?B)
[2026-07-02T11:34:05.773Z] GET https://fonts.gstatic.com/s/notoserifkr/v31/3Jn7SDn90Gmq2mr3blnHaTZXRudj1cFxOHU.woff2 → 200 (?ms, ?B)
[2026-07-02T11:34:05.774Z] GET https://cdn.jsdelivr.net/gh/orioncactus/pretendard@v1.3.9/packages/pretendard/dist/web/variable/woff2/PretendardVariable.woff2 → 200 (?ms, ?B)
[2026-07-02T11:34:06.591Z] GET http://localhost:8899/ → 200 (6ms, 29917B)
[2026-07-02T11:34:06.600Z] GET https://fonts.googleapis.com/css2?family=Fraunces:ital,opsz,wght@0,9..144,400;0,9..144,500;1,9..144,400;1,9..144,500&family=Noto+Serif+KR:wght@400;500;600&display=swap → 200 (?ms, 292025B)
[2026-07-02T11:34:06.601Z] GET https://cdn.jsdelivr.net/gh/orioncactus/pretendard@v1.3.9/dist/web/variable/pretendardvariable.min.css → 200 (?ms, 588B)
[2026-07-02T11:34:06.601Z] GET http://localhost:8899/assets/logo/logo.png → 200 (1ms, 8702B)
[2026-07-02T11:34:06.602Z] GET http://localhost:8899/assets/logo/dailymango-nav.png → 200 (?ms, 22113B)
[2026-07-02T11:34:06.602Z] GET http://localhost:8899/assets/images/purrhaps/home.png → 200 (?ms, 691858B)
[2026-07-02T11:34:06.603Z] GET http://localhost:8899/assets/images/02-home-autumn.png → 200 (3ms, 3515272B)
[2026-07-02T11:34:06.603Z] GET http://localhost:8899/assets/images/bibleday/home-watercolor-ko.jpg → 200 (5ms, 156303B)
[2026-07-02T11:34:06.603Z] GET http://localhost:8899/assets/logo/rollingmago.png → 200 (7ms, 20488B)
[2026-07-02T11:34:06.603Z] GET http://localhost:8899/assets/logo/logo_yellow.png → 200 (?ms, 4073B)
[2026-07-02T11:34:06.611Z] GET https://fonts.gstatic.com/s/fraunces/v38/6NU58FyLNQOQZAnv9ZwNjucMHVn85Ni7emAe9lKqZTnbB-gzTK0K1ChjeveQ7ZXk8g.woff2 → 200 (?ms, ?B)
[2026-07-02T11:34:06.612Z] GET https://fonts.gstatic.com/s/fraunces/v38/6NU78FyLNQOQZAnv9bYEvDiIdE9Ea92uemAk_WBq8U_9v0c2Wa0KxC9TeP2Xz5c.woff2 → 200 (?ms, ?B)
[2026-07-02T11:34:06.612Z] GET https://fonts.gstatic.com/s/notoserifkr/v31/3Jn7SDn90Gmq2mr3blnHaTZXduVp0uNzcmdRk6NBSYsXpcC_HIoOgGv0PTY.109.woff2 → 200 (?ms, ?B)
[2026-07-02T11:34:06.612Z] GET https://fonts.gstatic.com/s/notoserifkr/v31/3Jn7SDn90Gmq2mr3blnHaTZXduVp0uNzcmdRk6NBSYsXpcC_HIoOgGv0PTY.111.woff2 → 200 (?ms, ?B)
[2026-07-02T11:34:06.613Z] GET https://fonts.gstatic.com/s/notoserifkr/v31/3Jn7SDn90Gmq2mr3blnHaTZXduVp0uNzcmdRk6NBSYsXpcC_HIoOgGv0PTY.113.woff2 → 200 (?ms, ?B)
[2026-07-02T11:34:06.613Z] GET https://fonts.gstatic.com/s/notoserifkr/v31/3Jn7SDn90Gmq2mr3blnHaTZXduVp0uNzcmdRk6NBSYsXpcC_HIoOgGv0PTY.114.woff2 → 200 (?ms, ?B)
[2026-07-02T11:34:06.613Z] GET https://fonts.gstatic.com/s/notoserifkr/v31/3Jn7SDn90Gmq2mr3blnHaTZXduVp0uNzcmdRk6NBSYsXpcC_HIoOgGv0PTY.115.woff2 → 200 (?ms, ?B)
[2026-07-02T11:34:06.613Z] GET https://fonts.gstatic.com/s/notoserifkr/v31/3Jn7SDn90Gmq2mr3blnHaTZXduVp0uNzcmdRk6NBSYsXpcC_HIoOgGv0PTY.116.woff2 → 200 (?ms, ?B)
[2026-07-02T11:34:06.614Z] GET https://fonts.gstatic.com/s/notoserifkr/v31/3Jn7SDn90Gmq2mr3blnHaTZXduVp0uNzcmdRk6NBSYsXpcC_HIoOgGv0PTY.117.woff2 → 200 (?ms, ?B)
[2026-07-02T11:34:06.614Z] GET https://fonts.gstatic.com/s/notoserifkr/v31/3Jn7SDn90Gmq2mr3blnHaTZXduVp0uNzcmdRk6NBSYsXpcC_HIoOgGv0PTY.118.woff2 → 200 (?ms, ?B)
[2026-07-02T11:34:06.615Z] GET https://fonts.gstatic.com/s/notoserifkr/v31/3Jn7SDn90Gmq2mr3blnHaTZXduVp0uNzcmdRk6NBSYsXpcC_HIoOgGv0PTY.119.woff2 → 200 (?ms, ?B)
[2026-07-02T11:34:06.615Z] GET https://fonts.gstatic.com/s/notoserifkr/v31/3Jn7SDn90Gmq2mr3blnHaTZXRudj1cFxOHU.woff2 → 200 (?ms, ?B)
[2026-07-02T11:34:06.616Z] GET https://cdn.jsdelivr.net/gh/orioncactus/pretendard@v1.3.9/packages/pretendard/dist/web/variable/woff2/PretendardVariable.woff2 → 200 (?ms, ?B)
[2026-07-02T11:34:06.665Z] GET https://fonts.gstatic.com/s/notoserifkr/v31/3Jn7SDn90Gmq2mr3blnHaTZXduVp0uNzcmdRk6NBSYsXpcC_HIoOgGv0PTY.106.woff2 → 200 (78ms, 47364B)
[2026-07-02T11:34:06.665Z] GET https://fonts.gstatic.com/s/notoserifkr/v31/3Jn7SDn90Gmq2mr3blnHaTZXduVp0uNzcmdRk6NBSYsXpcC_HIoOgGv0PTY.112.woff2 → 200 (77ms, 41132B)
[2026-07-02T11:34:40.927Z] GET http://localhost:8899/purrhaps/privacy.html → 200 (27ms, 5817B)
[2026-07-02T11:34:41.005Z] GET https://fonts.googleapis.com/css2?family=Fraunces:ital,opsz,wght@0,9..144,400;0,9..144,500;1,9..144,400;1,9..144,500&family=Noto+Serif+KR:wght@400;500;600&display=swap → 200 (5ms, 292025B)
[2026-07-02T11:34:41.010Z] GET https://cdn.jsdelivr.net/gh/orioncactus/pretendard@v1.3.9/dist/web/variable/pretendardvariable.min.css → 200 (?ms, 588B)
[2026-07-02T11:34:41.011Z] GET http://localhost:8899/assets/css/base.css?v=20260512 → 200 (?ms, 7850B)
[2026-07-02T11:34:41.011Z] GET http://localhost:8899/assets/logo/logo.png → 200 (?ms, 8702B)
[2026-07-02T11:34:41.011Z] GET http://localhost:8899/assets/logo/dailymango-nav.png → 200 (?ms, 22113B)
[2026-07-02T11:34:41.011Z] GET http://localhost:8899/assets/logo/logo_yellow.png → 200 (1ms, 4073B)
[2026-07-02T11:34:41.061Z] GET https://fonts.gstatic.com/s/fraunces/v38/6NU58FyLNQOQZAnv9ZwNjucMHVn85Ni7emAe9lKqZTnbB-gzTK0K1ChjeveQ7ZXk8g.woff2 → 200 (?ms, ?B)
[2026-07-02T11:34:41.061Z] GET https://fonts.gstatic.com/s/fraunces/v38/6NU78FyLNQOQZAnv9bYEvDiIdE9Ea92uemAk_WBq8U_9v0c2Wa0KxC9TeP2Xz5c.woff2 → 200 (1ms, ?B)
[2026-07-02T11:34:41.062Z] GET https://fonts.gstatic.com/s/notoserifkr/v31/3Jn7SDn90Gmq2mr3blnHaTZXduVp0uNzcmdRk6NBSYsXpcC_HIoOgGv0PTY.106.woff2 → 200 (?ms, ?B)
[2026-07-02T11:34:41.062Z] GET https://fonts.gstatic.com/s/notoserifkr/v31/3Jn7SDn90Gmq2mr3blnHaTZXduVp0uNzcmdRk6NBSYsXpcC_HIoOgGv0PTY.109.woff2 → 200 (2ms, ?B)
[2026-07-02T11:34:41.064Z] GET https://fonts.gstatic.com/s/notoserifkr/v31/3Jn7SDn90Gmq2mr3blnHaTZXduVp0uNzcmdRk6NBSYsXpcC_HIoOgGv0PTY.111.woff2 → 200 (?ms, ?B)
[2026-07-02T11:34:41.065Z] GET https://fonts.gstatic.com/s/notoserifkr/v31/3Jn7SDn90Gmq2mr3blnHaTZXduVp0uNzcmdRk6NBSYsXpcC_HIoOgGv0PTY.112.woff2 → 200 (3ms, ?B)
[2026-07-02T11:34:41.068Z] GET https://fonts.gstatic.com/s/notoserifkr/v31/3Jn7SDn90Gmq2mr3blnHaTZXduVp0uNzcmdRk6NBSYsXpcC_HIoOgGv0PTY.113.woff2 → 200 (?ms, ?B)
[2026-07-02T11:34:41.068Z] GET https://fonts.gstatic.com/s/notoserifkr/v31/3Jn7SDn90Gmq2mr3blnHaTZXduVp0uNzcmdRk6NBSYsXpcC_HIoOgGv0PTY.114.woff2 → 200 (2ms, ?B)
[2026-07-02T11:34:41.070Z] GET https://fonts.gstatic.com/s/notoserifkr/v31/3Jn7SDn90Gmq2mr3blnHaTZXduVp0uNzcmdRk6NBSYsXpcC_HIoOgGv0PTY.115.woff2 → 200 (?ms, ?B)
[2026-07-02T11:34:41.070Z] GET https://fonts.gstatic.com/s/notoserifkr/v31/3Jn7SDn90Gmq2mr3blnHaTZXduVp0uNzcmdRk6NBSYsXpcC_HIoOgGv0PTY.116.woff2 → 200 (3ms, ?B)
[2026-07-02T11:34:41.073Z] GET https://fonts.gstatic.com/s/notoserifkr/v31/3Jn7SDn90Gmq2mr3blnHaTZXduVp0uNzcmdRk6NBSYsXpcC_HIoOgGv0PTY.117.woff2 → 200 (?ms, ?B)
[2026-07-02T11:34:41.073Z] GET https://fonts.gstatic.com/s/notoserifkr/v31/3Jn7SDn90Gmq2mr3blnHaTZXduVp0uNzcmdRk6NBSYsXpcC_HIoOgGv0PTY.118.woff2 → 200 (1ms, ?B)
[2026-07-02T11:34:41.074Z] GET https://fonts.gstatic.com/s/notoserifkr/v31/3Jn7SDn90Gmq2mr3blnHaTZXduVp0uNzcmdRk6NBSYsXpcC_HIoOgGv0PTY.119.woff2 → 200 (1ms, ?B)
[2026-07-02T11:34:41.075Z] GET https://fonts.gstatic.com/s/notoserifkr/v31/3Jn7SDn90Gmq2mr3blnHaTZXRudj1cFxOHU.woff2 → 200 (?ms, ?B)
[2026-07-02T11:34:41.075Z] GET https://cdn.jsdelivr.net/gh/orioncactus/pretendard@v1.3.9/packages/pretendard/dist/web/variable/woff2/PretendardVariable.woff2 → 200 (?ms, ?B)
[2026-07-02T11:37:49.037Z] GET http://localhost:8899/ → pending (?ms, ?B)
[2026-07-02T11:37:49.112Z] GET https://fonts.googleapis.com/css2?family=Fraunces:ital,opsz,wght@0,9..144,400;0,9..144,500;1,9..144,400;1,9..144,500&family=Noto+Serif+KR:wght@400;500;600&display=swap → 200 (?ms, 292025B)
[2026-07-02T11:37:49.113Z] GET https://cdn.jsdelivr.net/gh/orioncactus/pretendard@v1.3.9/dist/web/variable/pretendardvariable.min.css → 200 (?ms, 588B)
[2026-07-02T11:37:49.113Z] GET http://localhost:8899/assets/logo/logo.png → 200 (?ms, 8702B)
[2026-07-02T11:37:49.114Z] GET http://localhost:8899/assets/logo/dailymango-nav.png → 200 (?ms, 22113B)
[2026-07-02T11:37:49.114Z] GET http://localhost:8899/assets/images/purrhaps/home.png → 200 (2ms, 691858B)
[2026-07-02T11:37:49.114Z] GET http://localhost:8899/assets/images/02-home-autumn.png → 200 (1ms, 3515272B)
[2026-07-02T11:37:49.114Z] GET http://localhost:8899/assets/images/bibleday/home-watercolor-ko.jpg → 200 (7ms, 156303B)
[2026-07-02T11:37:49.114Z] GET http://localhost:8899/assets/logo/rollingmago.png → 200 (7ms, 20488B)
[2026-07-02T11:37:49.114Z] GET http://localhost:8899/assets/logo/logo_yellow.png → 200 (?ms, 4073B)
[2026-07-02T11:37:49.160Z] GET https://fonts.gstatic.com/s/fraunces/v38/6NU58FyLNQOQZAnv9ZwNjucMHVn85Ni7emAe9lKqZTnbB-gzTK0K1ChjeveQ7ZXk8g.woff2 → 200 (?ms, ?B)
[2026-07-02T11:37:49.160Z] GET https://fonts.gstatic.com/s/fraunces/v38/6NU78FyLNQOQZAnv9bYEvDiIdE9Ea92uemAk_WBq8U_9v0c2Wa0KxC9TeP2Xz5c.woff2 → 200 (?ms, ?B)
[2026-07-02T11:37:49.160Z] GET https://fonts.gstatic.com/s/notoserifkr/v31/3Jn7SDn90Gmq2mr3blnHaTZXduVp0uNzcmdRk6NBSYsXpcC_HIoOgGv0PTY.106.woff2 → 200 (1ms, ?B)
[2026-07-02T11:37:49.161Z] GET https://fonts.gstatic.com/s/notoserifkr/v31/3Jn7SDn90Gmq2mr3blnHaTZXduVp0uNzcmdRk6NBSYsXpcC_HIoOgGv0PTY.109.woff2 → 200 (?ms, ?B)
[2026-07-02T11:37:49.161Z] GET https://fonts.gstatic.com/s/notoserifkr/v31/3Jn7SDn90Gmq2mr3blnHaTZXduVp0uNzcmdRk6NBSYsXpcC_HIoOgGv0PTY.111.woff2 → 200 (1ms, ?B)
[2026-07-02T11:37:49.162Z] GET https://fonts.gstatic.com/s/notoserifkr/v31/3Jn7SDn90Gmq2mr3blnHaTZXduVp0uNzcmdRk6NBSYsXpcC_HIoOgGv0PTY.112.woff2 → 200 (?ms, ?B)
[2026-07-02T11:37:49.162Z] GET https://fonts.gstatic.com/s/notoserifkr/v31/3Jn7SDn90Gmq2mr3blnHaTZXduVp0uNzcmdRk6NBSYsXpcC_HIoOgGv0PTY.113.woff2 → 200 (1ms, ?B)
[2026-07-02T11:37:49.163Z] GET https://fonts.gstatic.com/s/notoserifkr/v31/3Jn7SDn90Gmq2mr3blnHaTZXduVp0uNzcmdRk6NBSYsXpcC_HIoOgGv0PTY.114.woff2 → 200 (?ms, ?B)
[2026-07-02T11:37:49.163Z] GET https://fonts.gstatic.com/s/notoserifkr/v31/3Jn7SDn90Gmq2mr3blnHaTZXduVp0uNzcmdRk6NBSYsXpcC_HIoOgGv0PTY.115.woff2 → 200 (2ms, ?B)
[2026-07-02T11:37:49.165Z] GET https://fonts.gstatic.com/s/notoserifkr/v31/3Jn7SDn90Gmq2mr3blnHaTZXduVp0uNzcmdRk6NBSYsXpcC_HIoOgGv0PTY.116.woff2 → 200 (?ms, ?B)
[2026-07-02T11:37:49.165Z] GET https://fonts.gstatic.com/s/notoserifkr/v31/3Jn7SDn90Gmq2mr3blnHaTZXduVp0uNzcmdRk6NBSYsXpcC_HIoOgGv0PTY.117.woff2 → 200 (1ms, ?B)
[2026-07-02T11:37:49.166Z] GET https://fonts.gstatic.com/s/notoserifkr/v31/3Jn7SDn90Gmq2mr3blnHaTZXduVp0uNzcmdRk6NBSYsXpcC_HIoOgGv0PTY.118.woff2 → 200 (?ms, ?B)
[2026-07-02T11:37:49.166Z] GET https://fonts.gstatic.com/s/notoserifkr/v31/3Jn7SDn90Gmq2mr3blnHaTZXduVp0uNzcmdRk6NBSYsXpcC_HIoOgGv0PTY.119.woff2 → 200 (1ms, ?B)
[2026-07-02T11:37:49.168Z] GET https://fonts.gstatic.com/s/notoserifkr/v31/3Jn7SDn90Gmq2mr3blnHaTZXRudj1cFxOHU.woff2 → 200 (?ms, ?B)
[2026-07-02T11:37:49.168Z] GET https://cdn.jsdelivr.net/gh/orioncactus/pretendard@v1.3.9/packages/pretendard/dist/web/variable/woff2/PretendardVariable.woff2 → 200 (1ms, ?B)
[2026-07-02T11:44:35.350Z] GET http://localhost:8899/purrhaps/index-en.html → 200 (37ms, ?B)
[2026-07-02T11:44:35.445Z] GET https://fonts.googleapis.com/css2?family=Fraunces:ital,opsz,wght@0,9..144,400;0,9..144,500;1,9..144,400;1,9..144,500&family=Noto+Serif+KR:wght@400;500;600&display=swap → 200 (?ms, 292025B)
[2026-07-02T11:44:35.446Z] GET https://cdn.jsdelivr.net/gh/orioncactus/pretendard@v1.3.9/dist/web/variable/pretendardvariable.min.css → 200 (?ms, 588B)
[2026-07-02T11:44:35.446Z] GET http://localhost:8899/assets/css/base.css?v=20260512 → 200 (?ms, 7850B)
[2026-07-02T11:44:35.447Z] GET http://localhost:8899/assets/logo/logo.png → 200 (?ms, 8702B)
[2026-07-02T11:44:35.447Z] GET http://localhost:8899/assets/logo/dailymango-nav.png → 200 (4ms, 22113B)
[2026-07-02T11:44:35.451Z] GET http://localhost:8899/assets/images/purrhaps/banner-en.jpg → 200 (1ms, 284411B)
[2026-07-02T11:44:35.451Z] GET http://localhost:8899/assets/images/purrhaps/home.png → 304 (1ms, ?B)
[2026-07-02T11:44:35.451Z] GET http://localhost:8899/assets/images/purrhaps/fortune.png → 200 (1ms, 379730B)
[2026-07-02T11:44:35.451Z] GET http://localhost:8899/assets/images/purrhaps/love.png → 200 (1ms, 390345B)
[2026-07-02T11:44:35.451Z] GET http://localhost:8899/assets/logo/logo_yellow.png → 200 (1ms, 4073B)
[2026-07-02T11:44:35.489Z] GET https://fonts.gstatic.com/s/fraunces/v38/6NU58FyLNQOQZAnv9ZwNjucMHVn85Ni7emAe9lKqZTnbB-gzTK0K1ChjeveQ7ZXk8g.woff2 → 200 (1ms, ?B)
[2026-07-02T11:44:35.490Z] GET https://fonts.gstatic.com/s/fraunces/v38/6NU78FyLNQOQZAnv9bYEvDiIdE9Ea92uemAk_WBq8U_9v0c2Wa0KxC9TeP2Xz5c.woff2 → 200 (?ms, ?B)
[2026-07-02T11:44:35.490Z] GET https://fonts.gstatic.com/s/notoserifkr/v31/3Jn7SDn90Gmq2mr3blnHaTZXduVp0uNzcmdRk6NBSYsXpcC_HIoOgGv0PTY.106.woff2 → 200 (1ms, ?B)
[2026-07-02T11:44:35.491Z] GET https://fonts.gstatic.com/s/notoserifkr/v31/3Jn7SDn90Gmq2mr3blnHaTZXduVp0uNzcmdRk6NBSYsXpcC_HIoOgGv0PTY.109.woff2 → 200 (?ms, ?B)
[2026-07-02T11:44:35.491Z] GET https://fonts.gstatic.com/s/notoserifkr/v31/3Jn7SDn90Gmq2mr3blnHaTZXduVp0uNzcmdRk6NBSYsXpcC_HIoOgGv0PTY.111.woff2 → 200 (1ms, ?B)
[2026-07-02T11:44:35.492Z] GET https://fonts.gstatic.com/s/notoserifkr/v31/3Jn7SDn90Gmq2mr3blnHaTZXduVp0uNzcmdRk6NBSYsXpcC_HIoOgGv0PTY.112.woff2 → 200 (?ms, ?B)
[2026-07-02T11:44:35.492Z] GET https://fonts.gstatic.com/s/notoserifkr/v31/3Jn7SDn90Gmq2mr3blnHaTZXduVp0uNzcmdRk6NBSYsXpcC_HIoOgGv0PTY.113.woff2 → 200 (4ms, ?B)
[2026-07-02T11:44:35.496Z] GET https://fonts.gstatic.com/s/notoserifkr/v31/3Jn7SDn90Gmq2mr3blnHaTZXduVp0uNzcmdRk6NBSYsXpcC_HIoOgGv0PTY.114.woff2 → 200 (?ms, ?B)
[2026-07-02T11:44:35.497Z] GET https://fonts.gstatic.com/s/notoserifkr/v31/3Jn7SDn90Gmq2mr3blnHaTZXduVp0uNzcmdRk6NBSYsXpcC_HIoOgGv0PTY.115.woff2 → 200 (2ms, ?B)
[2026-07-02T11:44:35.499Z] GET https://fonts.gstatic.com/s/notoserifkr/v31/3Jn7SDn90Gmq2mr3blnHaTZXduVp0uNzcmdRk6NBSYsXpcC_HIoOgGv0PTY.116.woff2 → 200 (?ms, ?B)
[2026-07-02T11:44:35.499Z] GET https://fonts.gstatic.com/s/notoserifkr/v31/3Jn7SDn90Gmq2mr3blnHaTZXduVp0uNzcmdRk6NBSYsXpcC_HIoOgGv0PTY.117.woff2 → 200 (1ms, ?B)
[2026-07-02T11:44:35.500Z] GET https://fonts.gstatic.com/s/notoserifkr/v31/3Jn7SDn90Gmq2mr3blnHaTZXduVp0uNzcmdRk6NBSYsXpcC_HIoOgGv0PTY.118.woff2 → 200 (?ms, ?B)
[2026-07-02T11:44:35.500Z] GET https://fonts.gstatic.com/s/notoserifkr/v31/3Jn7SDn90Gmq2mr3blnHaTZXduVp0uNzcmdRk6NBSYsXpcC_HIoOgGv0PTY.119.woff2 → 200 (1ms, ?B)
[2026-07-02T11:44:35.501Z] GET https://fonts.gstatic.com/s/notoserifkr/v31/3Jn7SDn90Gmq2mr3blnHaTZXRudj1cFxOHU.woff2 → 200 (?ms, ?B)
[2026-07-02T11:44:35.501Z] GET https://cdn.jsdelivr.net/gh/orioncactus/pretendard@v1.3.9/packages/pretendard/dist/web/variable/woff2/PretendardVariable.woff2 → 200 (?ms, ?B)
[2026-07-02T11:46:03.709Z] GET http://localhost:8899/ → 200 (8ms, 30262B)
[2026-07-02T11:46:03.719Z] GET https://fonts.googleapis.com/css2?family=Fraunces:ital,opsz,wght@0,9..144,400;0,9..144,500;1,9..144,400;1,9..144,500&family=Noto+Serif+KR:wght@400;500;600&display=swap → 200 (2ms, 292025B)
[2026-07-02T11:46:03.722Z] GET https://cdn.jsdelivr.net/gh/orioncactus/pretendard@v1.3.9/dist/web/variable/pretendardvariable.min.css → 200 (?ms, 588B)
[2026-07-02T11:46:03.723Z] GET http://localhost:8899/assets/logo/logo.png → 200 (1ms, 8702B)
[2026-07-02T11:46:03.724Z] GET http://localhost:8899/assets/logo/dailymango-nav.png → 200 (?ms, 22113B)
[2026-07-02T11:46:03.724Z] GET http://localhost:8899/assets/images/purrhaps/home.png → 200 (?ms, 691858B)
[2026-07-02T11:46:03.725Z] GET http://localhost:8899/assets/images/02-home-autumn.png → 200 (?ms, 3515272B)
[2026-07-02T11:46:03.725Z] GET http://localhost:8899/assets/images/bibleday/home-watercolor-ko.jpg → 200 (1ms, 156303B)
[2026-07-02T11:46:03.725Z] GET http://localhost:8899/assets/logo/rollingmago.png → 200 (1ms, 20488B)
[2026-07-02T11:46:03.725Z] GET http://localhost:8899/assets/logo/logo_yellow.png → 200 (?ms, 4073B)
[2026-07-02T11:46:03.768Z] GET https://fonts.gstatic.com/s/fraunces/v38/6NU58FyLNQOQZAnv9ZwNjucMHVn85Ni7emAe9lKqZTnbB-gzTK0K1ChjeveQ7ZXk8g.woff2 → 200 (?ms, ?B)
[2026-07-02T11:46:03.769Z] GET https://fonts.gstatic.com/s/fraunces/v38/6NU78FyLNQOQZAnv9bYEvDiIdE9Ea92uemAk_WBq8U_9v0c2Wa0KxC9TeP2Xz5c.woff2 → 200 (?ms, ?B)
[2026-07-02T11:46:03.769Z] GET https://fonts.gstatic.com/s/notoserifkr/v31/3Jn7SDn90Gmq2mr3blnHaTZXduVp0uNzcmdRk6NBSYsXpcC_HIoOgGv0PTY.106.woff2 → 200 (2ms, ?B)
[2026-07-02T11:46:03.772Z] GET https://fonts.gstatic.com/s/notoserifkr/v31/3Jn7SDn90Gmq2mr3blnHaTZXduVp0uNzcmdRk6NBSYsXpcC_HIoOgGv0PTY.109.woff2 → 200 (?ms, ?B)
[2026-07-02T11:46:03.772Z] GET https://fonts.gstatic.com/s/notoserifkr/v31/3Jn7SDn90Gmq2mr3blnHaTZXduVp0uNzcmdRk6NBSYsXpcC_HIoOgGv0PTY.111.woff2 → 200 (?ms, ?B)
[2026-07-02T11:46:03.773Z] GET https://fonts.gstatic.com/s/notoserifkr/v31/3Jn7SDn90Gmq2mr3blnHaTZXduVp0uNzcmdRk6NBSYsXpcC_HIoOgGv0PTY.112.woff2 → 200 (?ms, ?B)
[2026-07-02T11:46:03.773Z] GET https://fonts.gstatic.com/s/notoserifkr/v31/3Jn7SDn90Gmq2mr3blnHaTZXduVp0uNzcmdRk6NBSYsXpcC_HIoOgGv0PTY.113.woff2 → 200 (1ms, ?B)
[2026-07-02T11:46:03.774Z] GET https://fonts.gstatic.com/s/notoserifkr/v31/3Jn7SDn90Gmq2mr3blnHaTZXduVp0uNzcmdRk6NBSYsXpcC_HIoOgGv0PTY.114.woff2 → 200 (?ms, ?B)
[2026-07-02T11:46:03.774Z] GET https://fonts.gstatic.com/s/notoserifkr/v31/3Jn7SDn90Gmq2mr3blnHaTZXduVp0uNzcmdRk6NBSYsXpcC_HIoOgGv0PTY.115.woff2 → 200 (3ms, ?B)
[2026-07-02T11:46:03.777Z] GET https://fonts.gstatic.com/s/notoserifkr/v31/3Jn7SDn90Gmq2mr3blnHaTZXduVp0uNzcmdRk6NBSYsXpcC_HIoOgGv0PTY.116.woff2 → 200 (?ms, ?B)
[2026-07-02T11:46:03.777Z] GET https://fonts.gstatic.com/s/notoserifkr/v31/3Jn7SDn90Gmq2mr3blnHaTZXduVp0uNzcmdRk6NBSYsXpcC_HIoOgGv0PTY.117.woff2 → 200 (1ms, ?B)
[2026-07-02T11:46:03.778Z] GET https://fonts.gstatic.com/s/notoserifkr/v31/3Jn7SDn90Gmq2mr3blnHaTZXduVp0uNzcmdRk6NBSYsXpcC_HIoOgGv0PTY.118.woff2 → 200 (?ms, ?B)
[2026-07-02T11:46:03.778Z] GET https://fonts.gstatic.com/s/notoserifkr/v31/3Jn7SDn90Gmq2mr3blnHaTZXduVp0uNzcmdRk6NBSYsXpcC_HIoOgGv0PTY.119.woff2 → 200 (1ms, ?B)
[2026-07-02T11:46:03.779Z] GET https://fonts.gstatic.com/s/notoserifkr/v31/3Jn7SDn90Gmq2mr3blnHaTZXRudj1cFxOHU.woff2 → 200 (?ms, ?B)
[2026-07-02T11:46:03.779Z] GET https://cdn.jsdelivr.net/gh/orioncactus/pretendard@v1.3.9/packages/pretendard/dist/web/variable/woff2/PretendardVariable.woff2 → 200 (4ms, ?B)
[2026-07-02T11:55:25.315Z] GET http://localhost:8899/purrhaps/ → 200 (38ms, 13190B)
[2026-07-02T11:55:25.406Z] GET https://fonts.googleapis.com/css2?family=Fraunces:ital,opsz,wght@0,9..144,400;0,9..144,500;1,9..144,400;1,9..144,500&family=Noto+Serif+KR:wght@400;500;600&display=swap → 200 (?ms, 292025B)
[2026-07-02T11:55:25.411Z] GET https://cdn.jsdelivr.net/gh/orioncactus/pretendard@v1.3.9/dist/web/variable/pretendardvariable.min.css → 200 (?ms, 588B)
[2026-07-02T11:55:25.411Z] GET http://localhost:8899/assets/css/base.css?v=20260512 → 200 (?ms, 7850B)
[2026-07-02T11:55:25.411Z] GET http://localhost:8899/assets/logo/logo.png → 200 (?ms, 8702B)
[2026-07-02T11:55:25.411Z] GET http://localhost:8899/assets/logo/dailymango-nav.png → 200 (?ms, 22113B)
[2026-07-02T11:55:25.411Z] GET http://localhost:8899/assets/images/purrhaps/banner-ko.png → 200 (2ms, 1210851B)
[2026-07-02T11:55:25.411Z] GET http://localhost:8899/assets/images/purrhaps/home.png → 304 (1ms, ?B)
[2026-07-02T11:55:25.412Z] GET http://localhost:8899/assets/images/purrhaps/fortune.png → 200 (1ms, 379730B)
[2026-07-02T11:55:25.412Z] GET http://localhost:8899/assets/images/purrhaps/love.png → 200 (1ms, 390345B)
[2026-07-02T11:55:25.412Z] GET http://localhost:8899/assets/logo/logo_yellow.png → 200 (?ms, 4073B)
[2026-07-02T11:55:25.474Z] GET https://fonts.gstatic.com/s/fraunces/v38/6NU58FyLNQOQZAnv9ZwNjucMHVn85Ni7emAe9lKqZTnbB-gzTK0K1ChjeveQ7ZXk8g.woff2 → 200 (?ms, ?B)
[2026-07-02T11:55:25.474Z] GET https://fonts.gstatic.com/s/fraunces/v38/6NU78FyLNQOQZAnv9bYEvDiIdE9Ea92uemAk_WBq8U_9v0c2Wa0KxC9TeP2Xz5c.woff2 → 200 (?ms, ?B)
[2026-07-02T11:55:25.474Z] GET https://fonts.gstatic.com/s/notoserifkr/v31/3Jn7SDn90Gmq2mr3blnHaTZXduVp0uNzcmdRk6NBSYsXpcC_HIoOgGv0PTY.106.woff2 → 200 (1ms, ?B)
[2026-07-02T11:55:25.475Z] GET https://fonts.gstatic.com/s/notoserifkr/v31/3Jn7SDn90Gmq2mr3blnHaTZXduVp0uNzcmdRk6NBSYsXpcC_HIoOgGv0PTY.109.woff2 → 200 (?ms, ?B)
[2026-07-02T11:55:25.475Z] GET https://fonts.gstatic.com/s/notoserifkr/v31/3Jn7SDn90Gmq2mr3blnHaTZXduVp0uNzcmdRk6NBSYsXpcC_HIoOgGv0PTY.111.woff2 → 200 (1ms, ?B)
[2026-07-02T11:55:25.476Z] GET https://fonts.gstatic.com/s/notoserifkr/v31/3Jn7SDn90Gmq2mr3blnHaTZXduVp0uNzcmdRk6NBSYsXpcC_HIoOgGv0PTY.112.woff2 → 200 (?ms, ?B)
[2026-07-02T11:55:25.476Z] GET https://fonts.gstatic.com/s/notoserifkr/v31/3Jn7SDn90Gmq2mr3blnHaTZXduVp0uNzcmdRk6NBSYsXpcC_HIoOgGv0PTY.113.woff2 → 200 (1ms, ?B)
[2026-07-02T11:55:25.478Z] GET https://fonts.gstatic.com/s/notoserifkr/v31/3Jn7SDn90Gmq2mr3blnHaTZXduVp0uNzcmdRk6NBSYsXpcC_HIoOgGv0PTY.114.woff2 → 200 (?ms, ?B)
[2026-07-02T11:55:25.478Z] GET https://fonts.gstatic.com/s/notoserifkr/v31/3Jn7SDn90Gmq2mr3blnHaTZXduVp0uNzcmdRk6NBSYsXpcC_HIoOgGv0PTY.115.woff2 → 200 (4ms, ?B)
[2026-07-02T11:55:25.483Z] GET https://fonts.gstatic.com/s/notoserifkr/v31/3Jn7SDn90Gmq2mr3blnHaTZXduVp0uNzcmdRk6NBSYsXpcC_HIoOgGv0PTY.116.woff2 → 200 (?ms, ?B)
[2026-07-02T11:55:25.483Z] GET https://fonts.gstatic.com/s/notoserifkr/v31/3Jn7SDn90Gmq2mr3blnHaTZXduVp0uNzcmdRk6NBSYsXpcC_HIoOgGv0PTY.117.woff2 → 200 (2ms, ?B)
[2026-07-02T11:55:25.485Z] GET https://fonts.gstatic.com/s/notoserifkr/v31/3Jn7SDn90Gmq2mr3blnHaTZXduVp0uNzcmdRk6NBSYsXpcC_HIoOgGv0PTY.118.woff2 → 200 (?ms, ?B)
[2026-07-02T11:55:25.485Z] GET https://fonts.gstatic.com/s/notoserifkr/v31/3Jn7SDn90Gmq2mr3blnHaTZXduVp0uNzcmdRk6NBSYsXpcC_HIoOgGv0PTY.119.woff2 → 200 (1ms, ?B)
[2026-07-02T11:55:25.486Z] GET https://fonts.gstatic.com/s/notoserifkr/v31/3Jn7SDn90Gmq2mr3blnHaTZXRudj1cFxOHU.woff2 → 200 (?ms, ?B)
[2026-07-02T11:55:25.486Z] GET https://cdn.jsdelivr.net/gh/orioncactus/pretendard@v1.3.9/packages/pretendard/dist/web/variable/woff2/PretendardVariable.woff2 → 200 (?ms, ?B)
[2026-07-02T11:57:39.289Z] GET http://localhost:8899/ → 200 (21ms, 30262B)
[2026-07-02T11:57:39.353Z] GET https://fonts.googleapis.com/css2?family=Fraunces:ital,opsz,wght@0,9..144,400;0,9..144,500;1,9..144,400;1,9..144,500&family=Noto+Serif+KR:wght@400;500;600&display=swap → 200 (?ms, 292025B)
[2026-07-02T11:57:39.354Z] GET https://cdn.jsdelivr.net/gh/orioncactus/pretendard@v1.3.9/dist/web/variable/pretendardvariable.min.css → 200 (2ms, 588B)
[2026-07-02T11:57:39.356Z] GET http://localhost:8899/assets/logo/logo.png → 200 (?ms, 8702B)
[2026-07-02T11:57:39.356Z] GET http://localhost:8899/assets/logo/dailymango-nav.png → 200 (?ms, 22113B)
[2026-07-02T11:57:39.356Z] GET http://localhost:8899/assets/images/purrhaps/home.png → 200 (1ms, 691858B)
[2026-07-02T11:57:39.357Z] GET http://localhost:8899/assets/images/02-home-autumn.png → 200 (1ms, 3515272B)
[2026-07-02T11:57:39.357Z] GET http://localhost:8899/assets/images/bibleday/home-watercolor-ko.jpg → 200 (1ms, 156303B)
[2026-07-02T11:57:39.357Z] GET http://localhost:8899/assets/logo/rollingmago.png → 200 (2ms, 20488B)
[2026-07-02T11:57:39.357Z] GET http://localhost:8899/assets/logo/logo_yellow.png → 200 (?ms, 4073B)
[2026-07-02T11:57:39.425Z] GET https://fonts.gstatic.com/s/fraunces/v38/6NU58FyLNQOQZAnv9ZwNjucMHVn85Ni7emAe9lKqZTnbB-gzTK0K1ChjeveQ7ZXk8g.woff2 → 200 (1ms, ?B)
[2026-07-02T11:57:39.426Z] GET https://fonts.gstatic.com/s/fraunces/v38/6NU78FyLNQOQZAnv9bYEvDiIdE9Ea92uemAk_WBq8U_9v0c2Wa0KxC9TeP2Xz5c.woff2 → 200 (?ms, ?B)
[2026-07-02T11:57:39.427Z] GET https://fonts.gstatic.com/s/notoserifkr/v31/3Jn7SDn90Gmq2mr3blnHaTZXduVp0uNzcmdRk6NBSYsXpcC_HIoOgGv0PTY.106.woff2 → 200 (?ms, ?B)
[2026-07-02T11:57:39.427Z] GET https://fonts.gstatic.com/s/notoserifkr/v31/3Jn7SDn90Gmq2mr3blnHaTZXduVp0uNzcmdRk6NBSYsXpcC_HIoOgGv0PTY.109.woff2 → 200 (?ms, ?B)
[2026-07-02T11:57:39.429Z] GET https://fonts.gstatic.com/s/notoserifkr/v31/3Jn7SDn90Gmq2mr3blnHaTZXduVp0uNzcmdRk6NBSYsXpcC_HIoOgGv0PTY.111.woff2 → 200 (?ms, ?B)
[2026-07-02T11:57:39.429Z] GET https://fonts.gstatic.com/s/notoserifkr/v31/3Jn7SDn90Gmq2mr3blnHaTZXduVp0uNzcmdRk6NBSYsXpcC_HIoOgGv0PTY.112.woff2 → 200 (?ms, ?B)
[2026-07-02T11:57:39.430Z] GET https://fonts.gstatic.com/s/notoserifkr/v31/3Jn7SDn90Gmq2mr3blnHaTZXduVp0uNzcmdRk6NBSYsXpcC_HIoOgGv0PTY.113.woff2 → 200 (?ms, ?B)
[2026-07-02T11:57:39.430Z] GET https://fonts.gstatic.com/s/notoserifkr/v31/3Jn7SDn90Gmq2mr3blnHaTZXduVp0uNzcmdRk6NBSYsXpcC_HIoOgGv0PTY.114.woff2 → 200 (?ms, ?B)
[2026-07-02T11:57:39.431Z] GET https://fonts.gstatic.com/s/notoserifkr/v31/3Jn7SDn90Gmq2mr3blnHaTZXduVp0uNzcmdRk6NBSYsXpcC_HIoOgGv0PTY.115.woff2 → 200 (?ms, ?B)
[2026-07-02T11:57:39.431Z] GET https://fonts.gstatic.com/s/notoserifkr/v31/3Jn7SDn90Gmq2mr3blnHaTZXduVp0uNzcmdRk6NBSYsXpcC_HIoOgGv0PTY.116.woff2 → 200 (?ms, ?B)
[2026-07-02T11:57:39.433Z] GET https://fonts.gstatic.com/s/notoserifkr/v31/3Jn7SDn90Gmq2mr3blnHaTZXduVp0uNzcmdRk6NBSYsXpcC_HIoOgGv0PTY.117.woff2 → 200 (?ms, ?B)
[2026-07-02T11:57:39.434Z] GET https://fonts.gstatic.com/s/notoserifkr/v31/3Jn7SDn90Gmq2mr3blnHaTZXduVp0uNzcmdRk6NBSYsXpcC_HIoOgGv0PTY.118.woff2 → 200 (?ms, ?B)
[2026-07-02T11:57:39.435Z] GET https://fonts.gstatic.com/s/notoserifkr/v31/3Jn7SDn90Gmq2mr3blnHaTZXduVp0uNzcmdRk6NBSYsXpcC_HIoOgGv0PTY.119.woff2 → 200 (?ms, ?B)
[2026-07-02T11:57:39.435Z] GET https://fonts.gstatic.com/s/notoserifkr/v31/3Jn7SDn90Gmq2mr3blnHaTZXRudj1cFxOHU.woff2 → 200 (?ms, ?B)
[2026-07-02T11:57:39.436Z] GET https://cdn.jsdelivr.net/gh/orioncactus/pretendard@v1.3.9/packages/pretendard/dist/web/variable/woff2/PretendardVariable.woff2 → 200 (?ms, ?B)
[2026-07-02T12:08:04.546Z] GET http://localhost:8899/purrhaps/ → 200 (34ms, ?B)
[2026-07-02T12:08:04.635Z] GET https://fonts.googleapis.com/css2?family=Fraunces:ital,opsz,wght@0,9..144,400;0,9..144,500;1,9..144,400;1,9..144,500&family=Noto+Serif+KR:wght@400;500;600&display=swap → 200 (?ms, 292025B)
[2026-07-02T12:08:04.635Z] GET https://cdn.jsdelivr.net/gh/orioncactus/pretendard@v1.3.9/dist/web/variable/pretendardvariable.min.css → 200 (?ms, 588B)
[2026-07-02T12:08:04.635Z] GET http://localhost:8899/assets/css/base.css?v=20260512 → 200 (1ms, 7850B)
[2026-07-02T12:08:04.636Z] GET http://localhost:8899/assets/logo/logo.png → 200 (?ms, 8702B)
[2026-07-02T12:08:04.636Z] GET http://localhost:8899/assets/logo/dailymango-nav.png → 200 (?ms, 22113B)
[2026-07-02T12:08:04.636Z] GET http://localhost:8899/assets/images/purrhaps/banner-ko.jpg → 200 (1ms, 304384B)
[2026-07-02T12:08:04.636Z] GET http://localhost:8899/assets/images/purrhaps/home.png → 304 (2ms, ?B)
[2026-07-02T12:08:04.636Z] GET http://localhost:8899/assets/images/purrhaps/fortune.png → 200 (3ms, 379730B)
[2026-07-02T12:08:04.637Z] GET http://localhost:8899/assets/images/purrhaps/love.png → 200 (2ms, 390345B)
[2026-07-02T12:08:04.637Z] GET http://localhost:8899/assets/logo/logo_yellow.png → 200 (?ms, 4073B)
[2026-07-02T12:08:04.689Z] GET https://fonts.gstatic.com/s/fraunces/v38/6NU58FyLNQOQZAnv9ZwNjucMHVn85Ni7emAe9lKqZTnbB-gzTK0K1ChjeveQ7ZXk8g.woff2 → 200 (?ms, ?B)
[2026-07-02T12:08:04.690Z] GET https://fonts.gstatic.com/s/fraunces/v38/6NU78FyLNQOQZAnv9bYEvDiIdE9Ea92uemAk_WBq8U_9v0c2Wa0KxC9TeP2Xz5c.woff2 → 200 (?ms, ?B)
[2026-07-02T12:08:04.690Z] GET https://fonts.gstatic.com/s/notoserifkr/v31/3Jn7SDn90Gmq2mr3blnHaTZXduVp0uNzcmdRk6NBSYsXpcC_HIoOgGv0PTY.106.woff2 → 200 (?ms, ?B)
[2026-07-02T12:08:04.690Z] GET https://fonts.gstatic.com/s/notoserifkr/v31/3Jn7SDn90Gmq2mr3blnHaTZXduVp0uNzcmdRk6NBSYsXpcC_HIoOgGv0PTY.109.woff2 → 200 (?ms, ?B)
[2026-07-02T12:08:04.690Z] GET https://fonts.gstatic.com/s/notoserifkr/v31/3Jn7SDn90Gmq2mr3blnHaTZXduVp0uNzcmdRk6NBSYsXpcC_HIoOgGv0PTY.111.woff2 → 200 (1ms, ?B)
[2026-07-02T12:08:04.692Z] GET https://fonts.gstatic.com/s/notoserifkr/v31/3Jn7SDn90Gmq2mr3blnHaTZXduVp0uNzcmdRk6NBSYsXpcC_HIoOgGv0PTY.112.woff2 → 200 (?ms, ?B)
[2026-07-02T12:08:04.692Z] GET https://fonts.gstatic.com/s/notoserifkr/v31/3Jn7SDn90Gmq2mr3blnHaTZXduVp0uNzcmdRk6NBSYsXpcC_HIoOgGv0PTY.113.woff2 → 200 (1ms, ?B)
[2026-07-02T12:08:04.693Z] GET https://fonts.gstatic.com/s/notoserifkr/v31/3Jn7SDn90Gmq2mr3blnHaTZXduVp0uNzcmdRk6NBSYsXpcC_HIoOgGv0PTY.114.woff2 → 200 (?ms, ?B)
[2026-07-02T12:08:04.693Z] GET https://fonts.gstatic.com/s/notoserifkr/v31/3Jn7SDn90Gmq2mr3blnHaTZXduVp0uNzcmdRk6NBSYsXpcC_HIoOgGv0PTY.115.woff2 → 200 (4ms, ?B)
[2026-07-02T12:08:04.697Z] GET https://fonts.gstatic.com/s/notoserifkr/v31/3Jn7SDn90Gmq2mr3blnHaTZXduVp0uNzcmdRk6NBSYsXpcC_HIoOgGv0PTY.116.woff2 → 200 (?ms, ?B)
[2026-07-02T12:08:04.697Z] GET https://fonts.gstatic.com/s/notoserifkr/v31/3Jn7SDn90Gmq2mr3blnHaTZXduVp0uNzcmdRk6NBSYsXpcC_HIoOgGv0PTY.117.woff2 → 200 (1ms, ?B)
[2026-07-02T12:08:04.698Z] GET https://fonts.gstatic.com/s/notoserifkr/v31/3Jn7SDn90Gmq2mr3blnHaTZXduVp0uNzcmdRk6NBSYsXpcC_HIoOgGv0PTY.118.woff2 → 200 (?ms, ?B)
[2026-07-02T12:08:04.698Z] GET https://fonts.gstatic.com/s/notoserifkr/v31/3Jn7SDn90Gmq2mr3blnHaTZXduVp0uNzcmdRk6NBSYsXpcC_HIoOgGv0PTY.119.woff2 → 200 (?ms, ?B)
[2026-07-02T12:08:04.698Z] GET https://fonts.gstatic.com/s/notoserifkr/v31/3Jn7SDn90Gmq2mr3blnHaTZXRudj1cFxOHU.woff2 → 200 (?ms, ?B)
[2026-07-02T12:08:04.699Z] GET https://cdn.jsdelivr.net/gh/orioncactus/pretendard@v1.3.9/packages/pretendard/dist/web/variable/woff2/PretendardVariable.woff2 → 200 (?ms, ?B)
[2026-07-02T12:22:40.917Z] GET http://localhost:8899/purrhaps/ → 200 (54ms, 13190B)
[2026-07-02T12:22:41.059Z] GET https://fonts.googleapis.com/css2?family=Fraunces:ital,opsz,wght@0,9..144,400;0,9..144,500;1,9..144,400;1,9..144,500&family=Noto+Serif+KR:wght@400;500;600&display=swap → 200 (1ms, 292025B)
[2026-07-02T12:22:41.060Z] GET https://cdn.jsdelivr.net/gh/orioncactus/pretendard@v1.3.9/dist/web/variable/pretendardvariable.min.css → 200 (?ms, 588B)
[2026-07-02T12:22:41.061Z] GET http://localhost:8899/assets/css/base.css?v=20260512 → 200 (?ms, 7850B)
[2026-07-02T12:22:41.062Z] GET http://localhost:8899/assets/logo/logo.png → 200 (?ms, 8702B)
[2026-07-02T12:22:41.062Z] GET http://localhost:8899/assets/logo/dailymango-nav.png → 200 (?ms, 22113B)
[2026-07-02T12:22:41.063Z] GET http://localhost:8899/assets/images/purrhaps/banner-ko.jpg → 200 (3ms, 259662B)
[2026-07-02T12:22:41.063Z] GET http://localhost:8899/assets/images/purrhaps/home.png → 304 (3ms, ?B)
[2026-07-02T12:22:41.063Z] GET http://localhost:8899/assets/images/purrhaps/fortune.png → 304 (3ms, ?B)
[2026-07-02T12:22:41.063Z] GET http://localhost:8899/assets/images/purrhaps/love.png → 304 (3ms, ?B)
[2026-07-02T12:22:41.064Z] GET http://localhost:8899/assets/logo/logo_yellow.png → 200 (?ms, 4073B)
[2026-07-02T12:22:41.111Z] GET https://fonts.gstatic.com/s/fraunces/v38/6NU58FyLNQOQZAnv9ZwNjucMHVn85Ni7emAe9lKqZTnbB-gzTK0K1ChjeveQ7ZXk8g.woff2 → 200 (?ms, ?B)
[2026-07-02T12:22:41.111Z] GET https://fonts.gstatic.com/s/fraunces/v38/6NU78FyLNQOQZAnv9bYEvDiIdE9Ea92uemAk_WBq8U_9v0c2Wa0KxC9TeP2Xz5c.woff2 → 200 (1ms, ?B)
[2026-07-02T12:22:41.112Z] GET https://fonts.gstatic.com/s/notoserifkr/v31/3Jn7SDn90Gmq2mr3blnHaTZXduVp0uNzcmdRk6NBSYsXpcC_HIoOgGv0PTY.106.woff2 → 200 (?ms, ?B)
[2026-07-02T12:22:41.112Z] GET https://fonts.gstatic.com/s/notoserifkr/v31/3Jn7SDn90Gmq2mr3blnHaTZXduVp0uNzcmdRk6NBSYsXpcC_HIoOgGv0PTY.109.woff2 → 200 (1ms, ?B)
[2026-07-02T12:22:41.113Z] GET https://fonts.gstatic.com/s/notoserifkr/v31/3Jn7SDn90Gmq2mr3blnHaTZXduVp0uNzcmdRk6NBSYsXpcC_HIoOgGv0PTY.111.woff2 → 200 (?ms, ?B)
[2026-07-02T12:22:41.113Z] GET https://fonts.gstatic.com/s/notoserifkr/v31/3Jn7SDn90Gmq2mr3blnHaTZXduVp0uNzcmdRk6NBSYsXpcC_HIoOgGv0PTY.112.woff2 → 200 (1ms, ?B)
[2026-07-02T12:22:41.114Z] GET https://fonts.gstatic.com/s/notoserifkr/v31/3Jn7SDn90Gmq2mr3blnHaTZXduVp0uNzcmdRk6NBSYsXpcC_HIoOgGv0PTY.113.woff2 → 200 (?ms, ?B)
[2026-07-02T12:22:41.114Z] GET https://fonts.gstatic.com/s/notoserifkr/v31/3Jn7SDn90Gmq2mr3blnHaTZXduVp0uNzcmdRk6NBSYsXpcC_HIoOgGv0PTY.114.woff2 → 200 (1ms, ?B)
[2026-07-02T12:22:41.116Z] GET https://fonts.gstatic.com/s/notoserifkr/v31/3Jn7SDn90Gmq2mr3blnHaTZXduVp0uNzcmdRk6NBSYsXpcC_HIoOgGv0PTY.115.woff2 → 200 (?ms, ?B)
[2026-07-02T12:22:41.116Z] GET https://fonts.gstatic.com/s/notoserifkr/v31/3Jn7SDn90Gmq2mr3blnHaTZXduVp0uNzcmdRk6NBSYsXpcC_HIoOgGv0PTY.116.woff2 → 200 (5ms, ?B)
[2026-07-02T12:22:41.121Z] GET https://fonts.gstatic.com/s/notoserifkr/v31/3Jn7SDn90Gmq2mr3blnHaTZXduVp0uNzcmdRk6NBSYsXpcC_HIoOgGv0PTY.117.woff2 → 200 (?ms, ?B)
[2026-07-02T12:22:41.121Z] GET https://fonts.gstatic.com/s/notoserifkr/v31/3Jn7SDn90Gmq2mr3blnHaTZXduVp0uNzcmdRk6NBSYsXpcC_HIoOgGv0PTY.118.woff2 → 200 (1ms, ?B)
[2026-07-02T12:22:41.122Z] GET https://fonts.gstatic.com/s/notoserifkr/v31/3Jn7SDn90Gmq2mr3blnHaTZXduVp0uNzcmdRk6NBSYsXpcC_HIoOgGv0PTY.119.woff2 → 200 (?ms, ?B)
[2026-07-02T12:22:41.122Z] GET https://fonts.gstatic.com/s/notoserifkr/v31/3Jn7SDn90Gmq2mr3blnHaTZXRudj1cFxOHU.woff2 → 200 (1ms, ?B)
[2026-07-02T12:22:41.123Z] GET https://cdn.jsdelivr.net/gh/orioncactus/pretendard@v1.3.9/packages/pretendard/dist/web/variable/woff2/PretendardVariable.woff2 → 200 (?ms, ?B)
[2026-07-02T12:22:41.822Z] GET http://localhost:8899/purrhaps/index-en.html → 200 (1ms, 12645B)
[2026-07-02T12:22:41.828Z] GET https://fonts.googleapis.com/css2?family=Fraunces:ital,opsz,wght@0,9..144,400;0,9..144,500;1,9..144,400;1,9..144,500&family=Noto+Serif+KR:wght@400;500;600&display=swap → 200 (?ms, 292025B)
[2026-07-02T12:22:41.828Z] GET https://cdn.jsdelivr.net/gh/orioncactus/pretendard@v1.3.9/dist/web/variable/pretendardvariable.min.css → 200 (1ms, 588B)
[2026-07-02T12:22:41.829Z] GET http://localhost:8899/assets/css/base.css?v=20260512 → 200 (?ms, 7850B)
[2026-07-02T12:22:41.829Z] GET http://localhost:8899/assets/logo/logo.png → 200 (?ms, 8702B)
[2026-07-02T12:22:41.829Z] GET http://localhost:8899/assets/logo/dailymango-nav.png → 200 (?ms, 22113B)
[2026-07-02T12:22:41.829Z] GET http://localhost:8899/assets/images/purrhaps/banner-en.jpg → 200 (1ms, 281067B)
[2026-07-02T12:22:41.829Z] GET http://localhost:8899/assets/images/purrhaps/home.png → 200 (?ms, 691858B)
[2026-07-02T12:22:41.830Z] GET http://localhost:8899/assets/images/purrhaps/fortune.png → 200 (?ms, 379730B)
[2026-07-02T12:22:41.830Z] GET http://localhost:8899/assets/images/purrhaps/love.png → 200 (?ms, 390345B)
[2026-07-02T12:22:41.830Z] GET http://localhost:8899/assets/logo/logo_yellow.png → 200 (?ms, 4073B)
[2026-07-02T12:22:41.830Z] GET https://fonts.gstatic.com/s/fraunces/v38/6NU58FyLNQOQZAnv9ZwNjucMHVn85Ni7emAe9lKqZTnbB-gzTK0K1ChjeveQ7ZXk8g.woff2 → 200 (?ms, ?B)
[2026-07-02T12:22:41.831Z] GET https://fonts.gstatic.com/s/fraunces/v38/6NU78FyLNQOQZAnv9bYEvDiIdE9Ea92uemAk_WBq8U_9v0c2Wa0KxC9TeP2Xz5c.woff2 → 200 (?ms, ?B)
[2026-07-02T12:22:41.831Z] GET https://fonts.gstatic.com/s/notoserifkr/v31/3Jn7SDn90Gmq2mr3blnHaTZXduVp0uNzcmdRk6NBSYsXpcC_HIoOgGv0PTY.106.woff2 → 200 (?ms, ?B)
[2026-07-02T12:22:41.831Z] GET https://fonts.gstatic.com/s/notoserifkr/v31/3Jn7SDn90Gmq2mr3blnHaTZXduVp0uNzcmdRk6NBSYsXpcC_HIoOgGv0PTY.109.woff2 → 200 (?ms, ?B)
[2026-07-02T12:22:41.831Z] GET https://fonts.gstatic.com/s/notoserifkr/v31/3Jn7SDn90Gmq2mr3blnHaTZXduVp0uNzcmdRk6NBSYsXpcC_HIoOgGv0PTY.111.woff2 → 200 (?ms, ?B)
[2026-07-02T12:22:41.832Z] GET https://fonts.gstatic.com/s/notoserifkr/v31/3Jn7SDn90Gmq2mr3blnHaTZXduVp0uNzcmdRk6NBSYsXpcC_HIoOgGv0PTY.112.woff2 → 200 (?ms, ?B)
[2026-07-02T12:22:41.832Z] GET https://fonts.gstatic.com/s/notoserifkr/v31/3Jn7SDn90Gmq2mr3blnHaTZXduVp0uNzcmdRk6NBSYsXpcC_HIoOgGv0PTY.113.woff2 → 200 (?ms, ?B)
[2026-07-02T12:22:41.832Z] GET https://fonts.gstatic.com/s/notoserifkr/v31/3Jn7SDn90Gmq2mr3blnHaTZXduVp0uNzcmdRk6NBSYsXpcC_HIoOgGv0PTY.114.woff2 → 200 (?ms, ?B)
[2026-07-02T12:22:41.832Z] GET https://fonts.gstatic.com/s/notoserifkr/v31/3Jn7SDn90Gmq2mr3blnHaTZXduVp0uNzcmdRk6NBSYsXpcC_HIoOgGv0PTY.115.woff2 → 200 (?ms, ?B)
[2026-07-02T12:22:41.832Z] GET https://fonts.gstatic.com/s/notoserifkr/v31/3Jn7SDn90Gmq2mr3blnHaTZXduVp0uNzcmdRk6NBSYsXpcC_HIoOgGv0PTY.116.woff2 → 200 (?ms, ?B)
[2026-07-02T12:22:41.832Z] GET https://fonts.gstatic.com/s/notoserifkr/v31/3Jn7SDn90Gmq2mr3blnHaTZXduVp0uNzcmdRk6NBSYsXpcC_HIoOgGv0PTY.117.woff2 → 200 (?ms, ?B)
[2026-07-02T12:22:41.833Z] GET https://fonts.gstatic.com/s/notoserifkr/v31/3Jn7SDn90Gmq2mr3blnHaTZXduVp0uNzcmdRk6NBSYsXpcC_HIoOgGv0PTY.118.woff2 → 200 (?ms, ?B)
[2026-07-02T12:22:41.833Z] GET https://fonts.gstatic.com/s/notoserifkr/v31/3Jn7SDn90Gmq2mr3blnHaTZXduVp0uNzcmdRk6NBSYsXpcC_HIoOgGv0PTY.119.woff2 → 200 (?ms, ?B)
[2026-07-02T12:22:41.833Z] GET https://fonts.gstatic.com/s/notoserifkr/v31/3Jn7SDn90Gmq2mr3blnHaTZXRudj1cFxOHU.woff2 → 200 (?ms, ?B)
[2026-07-02T12:22:41.833Z] GET https://cdn.jsdelivr.net/gh/orioncactus/pretendard@v1.3.9/packages/pretendard/dist/web/variable/woff2/PretendardVariable.woff2 → 200 (?ms, ?B)
[2026-07-02T12:26:17.550Z] GET http://localhost:8899/ → pending (?ms, ?B)
[2026-07-02T12:26:17.637Z] GET https://fonts.googleapis.com/css2?family=Fraunces:ital,opsz,wght@0,9..144,400;0,9..144,500;1,9..144,400;1,9..144,500&family=Noto+Serif+KR:wght@400;500;600&display=swap → 200 (1ms, 292025B)
[2026-07-02T12:26:17.638Z] GET https://cdn.jsdelivr.net/gh/orioncactus/pretendard@v1.3.9/dist/web/variable/pretendardvariable.min.css → 200 (1ms, 588B)
[2026-07-02T12:26:17.639Z] GET http://localhost:8899/assets/logo/logo.png → 200 (?ms, 8702B)
[2026-07-02T12:26:17.639Z] GET http://localhost:8899/assets/logo/dailymango-nav.png → 200 (?ms, 22113B)
[2026-07-02T12:26:17.639Z] GET http://localhost:8899/assets/images/purrhaps/home.png → 200 (?ms, 691858B)
[2026-07-02T12:26:17.639Z] GET http://localhost:8899/assets/images/02-home-autumn.png → 200 (1ms, 3515272B)
[2026-07-02T12:26:17.639Z] GET http://localhost:8899/assets/images/bibleday/home-watercolor-ko.jpg → 200 (1ms, 156303B)
[2026-07-02T12:26:17.639Z] GET http://localhost:8899/assets/logo/rollingmago.png → 200 (1ms, 20488B)
[2026-07-02T12:26:17.639Z] GET http://localhost:8899/assets/logo/logo_yellow.png → 200 (?ms, 4073B)
[2026-07-02T12:26:17.662Z] GET https://fonts.gstatic.com/s/fraunces/v38/6NU58FyLNQOQZAnv9ZwNjucMHVn85Ni7emAe9lKqZTnbB-gzTK0K1ChjeveQ7ZXk8g.woff2 → 200 (1ms, ?B)
[2026-07-02T12:26:17.663Z] GET https://fonts.gstatic.com/s/fraunces/v38/6NU78FyLNQOQZAnv9bYEvDiIdE9Ea92uemAk_WBq8U_9v0c2Wa0KxC9TeP2Xz5c.woff2 → 200 (?ms, ?B)
[2026-07-02T12:26:17.663Z] GET https://fonts.gstatic.com/s/notoserifkr/v31/3Jn7SDn90Gmq2mr3blnHaTZXduVp0uNzcmdRk6NBSYsXpcC_HIoOgGv0PTY.106.woff2 → 200 (5ms, ?B)
[2026-07-02T12:26:17.668Z] GET https://fonts.gstatic.com/s/notoserifkr/v31/3Jn7SDn90Gmq2mr3blnHaTZXduVp0uNzcmdRk6NBSYsXpcC_HIoOgGv0PTY.109.woff2 → 200 (?ms, ?B)
[2026-07-02T12:26:17.668Z] GET https://fonts.gstatic.com/s/notoserifkr/v31/3Jn7SDn90Gmq2mr3blnHaTZXduVp0uNzcmdRk6NBSYsXpcC_HIoOgGv0PTY.111.woff2 → 200 (11ms, ?B)
[2026-07-02T12:26:17.681Z] GET https://fonts.gstatic.com/s/notoserifkr/v31/3Jn7SDn90Gmq2mr3blnHaTZXduVp0uNzcmdRk6NBSYsXpcC_HIoOgGv0PTY.112.woff2 → 200 (?ms, ?B)
[2026-07-02T12:26:17.682Z] GET https://fonts.gstatic.com/s/notoserifkr/v31/3Jn7SDn90Gmq2mr3blnHaTZXduVp0uNzcmdRk6NBSYsXpcC_HIoOgGv0PTY.113.woff2 → 200 (3ms, ?B)
[2026-07-02T12:26:17.685Z] GET https://fonts.gstatic.com/s/notoserifkr/v31/3Jn7SDn90Gmq2mr3blnHaTZXduVp0uNzcmdRk6NBSYsXpcC_HIoOgGv0PTY.114.woff2 → 200 (?ms, ?B)
[2026-07-02T12:26:17.686Z] GET https://fonts.gstatic.com/s/notoserifkr/v31/3Jn7SDn90Gmq2mr3blnHaTZXduVp0uNzcmdRk6NBSYsXpcC_HIoOgGv0PTY.115.woff2 → 200 (1ms, ?B)
[2026-07-02T12:26:17.687Z] GET https://fonts.gstatic.com/s/notoserifkr/v31/3Jn7SDn90Gmq2mr3blnHaTZXduVp0uNzcmdRk6NBSYsXpcC_HIoOgGv0PTY.116.woff2 → 200 (?ms, ?B)
[2026-07-02T12:26:17.687Z] GET https://fonts.gstatic.com/s/notoserifkr/v31/3Jn7SDn90Gmq2mr3blnHaTZXduVp0uNzcmdRk6NBSYsXpcC_HIoOgGv0PTY.117.woff2 → 200 (1ms, ?B)
[2026-07-02T12:26:17.688Z] GET https://fonts.gstatic.com/s/notoserifkr/v31/3Jn7SDn90Gmq2mr3blnHaTZXduVp0uNzcmdRk6NBSYsXpcC_HIoOgGv0PTY.118.woff2 → 200 (?ms, ?B)
[2026-07-02T12:26:17.689Z] GET https://fonts.gstatic.com/s/notoserifkr/v31/3Jn7SDn90Gmq2mr3blnHaTZXduVp0uNzcmdRk6NBSYsXpcC_HIoOgGv0PTY.119.woff2 → 200 (11ms, ?B)
[2026-07-02T12:26:17.701Z] GET https://fonts.gstatic.com/s/notoserifkr/v31/3Jn7SDn90Gmq2mr3blnHaTZXRudj1cFxOHU.woff2 → 200 (?ms, ?B)
[2026-07-02T12:26:17.701Z] GET https://cdn.jsdelivr.net/gh/orioncactus/pretendard@v1.3.9/packages/pretendard/dist/web/variable/woff2/PretendardVariable.woff2 → 200 (1ms, ?B)
[2026-07-02T12:26:18.600Z] GET http://localhost:8899/index-en.html → 200 (?ms, 25281B)
[2026-07-02T12:26:18.604Z] GET https://fonts.googleapis.com/css2?family=Fraunces:ital,opsz,wght@0,9..144,400;0,9..144,500;1,9..144,400;1,9..144,500&family=Noto+Serif+KR:wght@400;500;600&display=swap → 200 (?ms, 292025B)
[2026-07-02T12:26:18.605Z] GET https://cdn.jsdelivr.net/gh/orioncactus/pretendard@v1.3.9/dist/web/variable/pretendardvariable.min.css → 200 (?ms, 588B)
[2026-07-02T12:26:18.605Z] GET http://localhost:8899/assets/logo/logo.png → 200 (?ms, 8702B)
[2026-07-02T12:26:18.605Z] GET http://localhost:8899/assets/logo/dailymango-nav.png → 200 (?ms, 22113B)
[2026-07-02T12:26:18.605Z] GET http://localhost:8899/assets/images/purrhaps/home.png → 200 (?ms, 691858B)
[2026-07-02T12:26:18.606Z] GET http://localhost:8899/assets/images/02-home-autumn.png → 200 (?ms, 3515272B)
[2026-07-02T12:26:18.606Z] GET http://localhost:8899/assets/images/bibleday/home-watercolor-en.jpg → 200 (1ms, 266623B)
[2026-07-02T12:26:18.606Z] GET http://localhost:8899/assets/logo/rollingmago.png → 200 (?ms, 20488B)
[2026-07-02T12:26:18.606Z] GET http://localhost:8899/assets/logo/logo_yellow.png → 200 (1ms, 4073B)
[2026-07-02T12:26:18.609Z] GET https://fonts.gstatic.com/s/fraunces/v38/6NU58FyLNQOQZAnv9ZwNjucMHVn85Ni7emAe9lKqZTnbB-gzTK0K1ChjeveQ7ZXk8g.woff2 → 200 (?ms, ?B)
[2026-07-02T12:26:18.609Z] GET https://fonts.gstatic.com/s/fraunces/v38/6NU78FyLNQOQZAnv9bYEvDiIdE9Ea92uemAk_WBq8U_9v0c2Wa0KxC9TeP2Xz5c.woff2 → 200 (?ms, ?B)
[2026-07-02T12:26:18.609Z] GET https://fonts.gstatic.com/s/notoserifkr/v31/3Jn7SDn90Gmq2mr3blnHaTZXduVp0uNzcmdRk6NBSYsXpcC_HIoOgGv0PTY.106.woff2 → 200 (?ms, ?B)
[2026-07-02T12:26:18.609Z] GET https://fonts.gstatic.com/s/notoserifkr/v31/3Jn7SDn90Gmq2mr3blnHaTZXduVp0uNzcmdRk6NBSYsXpcC_HIoOgGv0PTY.109.woff2 → 200 (?ms, ?B)
[2026-07-02T12:26:18.609Z] GET https://fonts.gstatic.com/s/notoserifkr/v31/3Jn7SDn90Gmq2mr3blnHaTZXduVp0uNzcmdRk6NBSYsXpcC_HIoOgGv0PTY.111.woff2 → 200 (?ms, ?B)
[2026-07-02T12:26:18.609Z] GET https://fonts.gstatic.com/s/notoserifkr/v31/3Jn7SDn90Gmq2mr3blnHaTZXduVp0uNzcmdRk6NBSYsXpcC_HIoOgGv0PTY.112.woff2 → 200 (?ms, ?B)
[2026-07-02T12:26:18.610Z] GET https://fonts.gstatic.com/s/notoserifkr/v31/3Jn7SDn90Gmq2mr3blnHaTZXduVp0uNzcmdRk6NBSYsXpcC_HIoOgGv0PTY.113.woff2 → 200 (?ms, ?B)
[2026-07-02T12:26:18.610Z] GET https://fonts.gstatic.com/s/notoserifkr/v31/3Jn7SDn90Gmq2mr3blnHaTZXduVp0uNzcmdRk6NBSYsXpcC_HIoOgGv0PTY.114.woff2 → 200 (?ms, ?B)
[2026-07-02T12:26:18.610Z] GET https://fonts.gstatic.com/s/notoserifkr/v31/3Jn7SDn90Gmq2mr3blnHaTZXduVp0uNzcmdRk6NBSYsXpcC_HIoOgGv0PTY.115.woff2 → 200 (?ms, ?B)
[2026-07-02T12:26:18.610Z] GET https://fonts.gstatic.com/s/notoserifkr/v31/3Jn7SDn90Gmq2mr3blnHaTZXduVp0uNzcmdRk6NBSYsXpcC_HIoOgGv0PTY.116.woff2 → 200 (?ms, ?B)
[2026-07-02T12:26:18.610Z] GET https://fonts.gstatic.com/s/notoserifkr/v31/3Jn7SDn90Gmq2mr3blnHaTZXduVp0uNzcmdRk6NBSYsXpcC_HIoOgGv0PTY.117.woff2 → 200 (?ms, ?B)
[2026-07-02T12:26:18.610Z] GET https://fonts.gstatic.com/s/notoserifkr/v31/3Jn7SDn90Gmq2mr3blnHaTZXduVp0uNzcmdRk6NBSYsXpcC_HIoOgGv0PTY.118.woff2 → 200 (?ms, ?B)
[2026-07-02T12:26:18.611Z] GET https://fonts.gstatic.com/s/notoserifkr/v31/3Jn7SDn90Gmq2mr3blnHaTZXduVp0uNzcmdRk6NBSYsXpcC_HIoOgGv0PTY.119.woff2 → 200 (?ms, ?B)
[2026-07-02T12:26:18.611Z] GET https://fonts.gstatic.com/s/notoserifkr/v31/3Jn7SDn90Gmq2mr3blnHaTZXRudj1cFxOHU.woff2 → 200 (?ms, ?B)
[2026-07-02T12:26:18.611Z] GET https://cdn.jsdelivr.net/gh/orioncactus/pretendard@v1.3.9/packages/pretendard/dist/web/variable/woff2/PretendardVariable.woff2 → 200 (?ms, ?B)
[2026-07-02T12:26:19.476Z] GET http://localhost:8899/purrhaps/ → 200 (2ms, 13190B)
[2026-07-02T12:26:19.482Z] GET https://fonts.googleapis.com/css2?family=Fraunces:ital,opsz,wght@0,9..144,400;0,9..144,500;1,9..144,400;1,9..144,500&family=Noto+Serif+KR:wght@400;500;600&display=swap → 200 (?ms, 292025B)
[2026-07-02T12:26:19.483Z] GET https://cdn.jsdelivr.net/gh/orioncactus/pretendard@v1.3.9/dist/web/variable/pretendardvariable.min.css → 200 (1ms, 588B)
[2026-07-02T12:26:19.484Z] GET http://localhost:8899/assets/css/base.css?v=20260512 → 200 (?ms, 7850B)
[2026-07-02T12:26:19.484Z] GET http://localhost:8899/assets/logo/logo.png → 200 (1ms, 8702B)
[2026-07-02T12:26:19.485Z] GET http://localhost:8899/assets/logo/dailymango-nav.png → 200 (?ms, 22113B)
[2026-07-02T12:26:19.485Z] GET http://localhost:8899/assets/images/purrhaps/banner-ko.jpg → 200 (1ms, 259662B)
[2026-07-02T12:26:19.485Z] GET http://localhost:8899/assets/images/purrhaps/home.png → 200 (?ms, 691858B)
[2026-07-02T12:26:19.486Z] GET http://localhost:8899/assets/images/purrhaps/fortune.png → 200 (?ms, 379730B)
[2026-07-02T12:26:19.486Z] GET http://localhost:8899/assets/images/purrhaps/love.png → 200 (?ms, 390345B)
[2026-07-02T12:26:19.486Z] GET http://localhost:8899/assets/logo/logo_yellow.png → 200 (?ms, 4073B)
[2026-07-02T12:26:19.487Z] GET https://fonts.gstatic.com/s/fraunces/v38/6NU58FyLNQOQZAnv9ZwNjucMHVn85Ni7emAe9lKqZTnbB-gzTK0K1ChjeveQ7ZXk8g.woff2 → 200 (?ms, ?B)
[2026-07-02T12:26:19.487Z] GET https://fonts.gstatic.com/s/fraunces/v38/6NU78FyLNQOQZAnv9bYEvDiIdE9Ea92uemAk_WBq8U_9v0c2Wa0KxC9TeP2Xz5c.woff2 → 200 (?ms, ?B)
[2026-07-02T12:26:19.487Z] GET https://fonts.gstatic.com/s/notoserifkr/v31/3Jn7SDn90Gmq2mr3blnHaTZXduVp0uNzcmdRk6NBSYsXpcC_HIoOgGv0PTY.106.woff2 → 200 (?ms, ?B)
[2026-07-02T12:26:19.488Z] GET https://fonts.gstatic.com/s/notoserifkr/v31/3Jn7SDn90Gmq2mr3blnHaTZXduVp0uNzcmdRk6NBSYsXpcC_HIoOgGv0PTY.109.woff2 → 200 (?ms, ?B)
[2026-07-02T12:26:19.488Z] GET https://fonts.gstatic.com/s/notoserifkr/v31/3Jn7SDn90Gmq2mr3blnHaTZXduVp0uNzcmdRk6NBSYsXpcC_HIoOgGv0PTY.111.woff2 → 200 (?ms, ?B)
[2026-07-02T12:26:19.488Z] GET https://fonts.gstatic.com/s/notoserifkr/v31/3Jn7SDn90Gmq2mr3blnHaTZXduVp0uNzcmdRk6NBSYsXpcC_HIoOgGv0PTY.112.woff2 → 200 (?ms, ?B)
[2026-07-02T12:26:19.488Z] GET https://fonts.gstatic.com/s/notoserifkr/v31/3Jn7SDn90Gmq2mr3blnHaTZXduVp0uNzcmdRk6NBSYsXpcC_HIoOgGv0PTY.113.woff2 → 200 (?ms, ?B)
[2026-07-02T12:26:19.488Z] GET https://fonts.gstatic.com/s/notoserifkr/v31/3Jn7SDn90Gmq2mr3blnHaTZXduVp0uNzcmdRk6NBSYsXpcC_HIoOgGv0PTY.114.woff2 → 200 (?ms, ?B)
[2026-07-02T12:26:19.489Z] GET https://fonts.gstatic.com/s/notoserifkr/v31/3Jn7SDn90Gmq2mr3blnHaTZXduVp0uNzcmdRk6NBSYsXpcC_HIoOgGv0PTY.115.woff2 → 200 (?ms, ?B)
[2026-07-02T12:26:19.489Z] GET https://fonts.gstatic.com/s/notoserifkr/v31/3Jn7SDn90Gmq2mr3blnHaTZXduVp0uNzcmdRk6NBSYsXpcC_HIoOgGv0PTY.116.woff2 → 200 (?ms, ?B)
[2026-07-02T12:26:19.489Z] GET https://fonts.gstatic.com/s/notoserifkr/v31/3Jn7SDn90Gmq2mr3blnHaTZXduVp0uNzcmdRk6NBSYsXpcC_HIoOgGv0PTY.117.woff2 → 200 (?ms, ?B)
[2026-07-02T12:26:19.489Z] GET https://fonts.gstatic.com/s/notoserifkr/v31/3Jn7SDn90Gmq2mr3blnHaTZXduVp0uNzcmdRk6NBSYsXpcC_HIoOgGv0PTY.118.woff2 → 200 (?ms, ?B)
[2026-07-02T12:26:19.489Z] GET https://fonts.gstatic.com/s/notoserifkr/v31/3Jn7SDn90Gmq2mr3blnHaTZXduVp0uNzcmdRk6NBSYsXpcC_HIoOgGv0PTY.119.woff2 → 200 (?ms, ?B)
[2026-07-02T12:26:19.490Z] GET https://fonts.gstatic.com/s/notoserifkr/v31/3Jn7SDn90Gmq2mr3blnHaTZXRudj1cFxOHU.woff2 → 200 (?ms, ?B)
[2026-07-02T12:26:19.490Z] GET https://cdn.jsdelivr.net/gh/orioncactus/pretendard@v1.3.9/packages/pretendard/dist/web/variable/woff2/PretendardVariable.woff2 → 200 (?ms, ?B)
[2026-07-02T12:26:20.368Z] GET http://localhost:8899/purrhaps/index-en.html → 200 (4ms, 12645B)
[2026-07-02T12:26:20.377Z] GET https://fonts.googleapis.com/css2?family=Fraunces:ital,opsz,wght@0,9..144,400;0,9..144,500;1,9..144,400;1,9..144,500&family=Noto+Serif+KR:wght@400;500;600&display=swap → 200 (?ms, 292025B)
[2026-07-02T12:26:20.377Z] GET https://cdn.jsdelivr.net/gh/orioncactus/pretendard@v1.3.9/dist/web/variable/pretendardvariable.min.css → 200 (?ms, 588B)
[2026-07-02T12:26:20.378Z] GET http://localhost:8899/assets/css/base.css?v=20260512 → 200 (?ms, 7850B)
[2026-07-02T12:26:20.378Z] GET http://localhost:8899/assets/logo/logo.png → 200 (?ms, 8702B)
[2026-07-02T12:26:20.378Z] GET http://localhost:8899/assets/logo/dailymango-nav.png → 200 (?ms, 22113B)
[2026-07-02T12:26:20.378Z] GET http://localhost:8899/assets/images/purrhaps/banner-en.jpg → 200 (4ms, 202605B)
[2026-07-02T12:26:20.379Z] GET http://localhost:8899/assets/images/purrhaps/home.png → 200 (?ms, 691858B)
[2026-07-02T12:26:20.379Z] GET http://localhost:8899/assets/images/purrhaps/fortune.png → 200 (?ms, 379730B)
[2026-07-02T12:26:20.379Z] GET http://localhost:8899/assets/images/purrhaps/love.png → 200 (?ms, 390345B)
[2026-07-02T12:26:20.381Z] GET http://localhost:8899/assets/logo/logo_yellow.png → 200 (?ms, 4073B)
[2026-07-02T12:26:20.389Z] GET https://fonts.gstatic.com/s/fraunces/v38/6NU58FyLNQOQZAnv9ZwNjucMHVn85Ni7emAe9lKqZTnbB-gzTK0K1ChjeveQ7ZXk8g.woff2 → 200 (?ms, ?B)
[2026-07-02T12:26:20.389Z] GET https://fonts.gstatic.com/s/fraunces/v38/6NU78FyLNQOQZAnv9bYEvDiIdE9Ea92uemAk_WBq8U_9v0c2Wa0KxC9TeP2Xz5c.woff2 → 200 (?ms, ?B)
[2026-07-02T12:26:20.390Z] GET https://fonts.gstatic.com/s/notoserifkr/v31/3Jn7SDn90Gmq2mr3blnHaTZXduVp0uNzcmdRk6NBSYsXpcC_HIoOgGv0PTY.106.woff2 → 200 (?ms, ?B)
[2026-07-02T12:26:20.390Z] GET https://fonts.gstatic.com/s/notoserifkr/v31/3Jn7SDn90Gmq2mr3blnHaTZXduVp0uNzcmdRk6NBSYsXpcC_HIoOgGv0PTY.109.woff2 → 200 (?ms, ?B)
[2026-07-02T12:26:20.391Z] GET https://fonts.gstatic.com/s/notoserifkr/v31/3Jn7SDn90Gmq2mr3blnHaTZXduVp0uNzcmdRk6NBSYsXpcC_HIoOgGv0PTY.111.woff2 → 200 (?ms, ?B)
[2026-07-02T12:26:20.391Z] GET https://fonts.gstatic.com/s/notoserifkr/v31/3Jn7SDn90Gmq2mr3blnHaTZXduVp0uNzcmdRk6NBSYsXpcC_HIoOgGv0PTY.112.woff2 → 200 (?ms, ?B)
[2026-07-02T12:26:20.392Z] GET https://fonts.gstatic.com/s/notoserifkr/v31/3Jn7SDn90Gmq2mr3blnHaTZXduVp0uNzcmdRk6NBSYsXpcC_HIoOgGv0PTY.113.woff2 → 200 (?ms, ?B)
[2026-07-02T12:26:20.392Z] GET https://fonts.gstatic.com/s/notoserifkr/v31/3Jn7SDn90Gmq2mr3blnHaTZXduVp0uNzcmdRk6NBSYsXpcC_HIoOgGv0PTY.114.woff2 → 200 (?ms, ?B)
[2026-07-02T12:26:20.393Z] GET https://fonts.gstatic.com/s/notoserifkr/v31/3Jn7SDn90Gmq2mr3blnHaTZXduVp0uNzcmdRk6NBSYsXpcC_HIoOgGv0PTY.115.woff2 → 200 (?ms, ?B)
[2026-07-02T12:26:20.393Z] GET https://fonts.gstatic.com/s/notoserifkr/v31/3Jn7SDn90Gmq2mr3blnHaTZXduVp0uNzcmdRk6NBSYsXpcC_HIoOgGv0PTY.116.woff2 → 200 (?ms, ?B)
[2026-07-02T12:26:20.394Z] GET https://fonts.gstatic.com/s/notoserifkr/v31/3Jn7SDn90Gmq2mr3blnHaTZXduVp0uNzcmdRk6NBSYsXpcC_HIoOgGv0PTY.117.woff2 → 200 (?ms, ?B)
[2026-07-02T12:26:20.394Z] GET https://fonts.gstatic.com/s/notoserifkr/v31/3Jn7SDn90Gmq2mr3blnHaTZXduVp0uNzcmdRk6NBSYsXpcC_HIoOgGv0PTY.118.woff2 → 200 (?ms, ?B)
[2026-07-02T12:26:20.394Z] GET https://fonts.gstatic.com/s/notoserifkr/v31/3Jn7SDn90Gmq2mr3blnHaTZXduVp0uNzcmdRk6NBSYsXpcC_HIoOgGv0PTY.119.woff2 → 200 (?ms, ?B)
[2026-07-02T12:26:20.394Z] GET https://fonts.gstatic.com/s/notoserifkr/v31/3Jn7SDn90Gmq2mr3blnHaTZXRudj1cFxOHU.woff2 → 200 (?ms, ?B)
[2026-07-02T12:26:20.395Z] GET https://cdn.jsdelivr.net/gh/orioncactus/pretendard@v1.3.9/packages/pretendard/dist/web/variable/woff2/PretendardVariable.woff2 → 200 (?ms, ?B)
